Starting the transcription and evaluation pipeline...
[INFO] Detected 1 GPUs. Setting up worker queue...
[INFO] Scanning for .wav files in /scratch/gilbreth/li5042/datasets/maestro_dataset...
[INFO] State Check: Skipping 1276 files (already SUCCESS or max FAILED).
[INFO] All files have been processed. 
Summary: 1276 SUCCESS, 0 FAILED, 0 PENDING, 0 TRANSCRIBING
Exiting.
[INFO] Starting 'compute_comparison_metrics.py' ...
[INFO] Output dir : /scratch/gilbreth/li5042/transkun/transkun_fork/eval_utils/output
[INFO] Error log  : /scratch/gilbreth/li5042/transkun/transkun_fork/eval_utils/output/metric_failures.log
[INFO] Dataset total: 1276 files.
[INFO] Cached previously: 1274 files.
[INFO] Launching evaluation pool for 2 remaining files...
[INFO] Processing complete. 1 files failed during evaluation.

==================================================
HOLISTIC MAESTRO EVALUATION RESULTS (AVERAGES)
==================================================
Activation                 | P: 0.9774 | R: 0.8710 | F1: 0.9205
Note Onset                 | P: 0.9953 | R: 0.9776 | F1: 0.9863
Note Onset+Offset          | P: 0.7321 | R: 0.7195 | F1: 0.7257
Note Onset+Offset+Velocity | P: 0.5327 | R: 0.5238 | F1: 0.5282
Pedal Activation           | P: 0.9433 | R: 0.6214 | F1: 0.7379
Pedal Onset                | P: 0.2694 | R: 0.2041 | F1: 0.2287
Pedal Onset+Offset         | P: 0.2634 | R: 0.1997 | F1: 0.2238
--------------------------------------------------
Total Successfully Evaluated : 1275
==================================================
